<?xml version="1.0" encoding="UTF-8"?>
<testsuite xmlns:xsi="http://www.w3.org/2001/XMLSchema-instance" xsi:noNamespaceSchemaLocation="https://maven.apache.org/surefire/maven-surefire-plugin/xsd/surefire-test-report-3.0.xsd" version="3.0" name="com.easytrade.AuthServiceTests" time="0.442" tests="5" errors="0" skipped="0" failures="0">
  <properties>
[...]
</properties>
  <testcase name="verificationCodeLoginCreatesCustomerWhenPhoneIsNew" classname="com.easytrade.AuthServiceTests" time="0.227">
    <system-out><![CDATA[2026-06-16T19:04:21.333+08:00  INFO 55696 --- [easytrade-backend] [           main] t.c.s.AnnotationConfigContextLoaderUtils : Could not detect default configuration classes for test class [com.easytrade.AuthServiceTests]: AuthServiceTests does not declare any static, non-private, non-final, nested classes annotated with @Configuration.
2026-06-16T19:04:21.337+08:00  INFO 55696 --- [easytrade-backend] [           main] .b.t.c.SpringBootTestContextBootstrapper : Found @SpringBootConfiguration com.easytrade.EasyTradeApplication for test class com.easytrade.AuthServiceTests
]]></system-out>
  </testcase>
  <testcase name="passwordLoginAcceptsSeedCustomerWithoutExposingPasswordHash" classname="com.easytrade.AuthServiceTests" time="0.089"/>
  <testcase name="adminLoginAcceptsSeedAdminAndRejectsCustomerRole" classname="com.easytrade.AuthServiceTests" time="0.09"/>
  <testcase name="verificationCodeLoginRejectsInvalidCode" classname="com.easytrade.AuthServiceTests" time="0.01"/>
  <testcase name="registerRejectsDuplicateIdentifiers" classname="com.easytrade.AuthServiceTests" time="0.01"/>
</testsuite>